app/build/intermediates/manifest_merge_blame_file/debug/manifest-merger-blame-debug-report.txt
1<?xml version="1.0" encoding="utf-8"?>
2<manifest xmlns:android="http://schemas.android.com/apk/res/android"
3    package="com.example.mypizzaapp"
4    android:versionCode="1"
5    android:versionName="1.0" >
6
7    <uses-sdk
8        android:minSdkVersion="19"
8-->src/main/AndroidManifest.xml
9        android:targetSdkVersion="30" />
9-->src/main/AndroidManifest.xml
10
11    <application
11-->src/main/AndroidManifest.xml:5:5-40:19
12        android:allowBackup="true"
12-->src/main/AndroidManifest.xml:6:9-35
13        android:appComponentFactory="androidx.core.app.CoreComponentFactory"
13-->[androidx.core:core:1.3.2] AndroidManifest.xml:24:18-86
14        android:debuggable="true"
15        android:icon="@mipmap/ic_launcher"
15-->src/main/AndroidManifest.xml:7:9-43
16        android:label="@string/app_name"
16-->src/main/AndroidManifest.xml:8:9-41
17        android:roundIcon="@mipmap/ic_launcher_round"
17-->src/main/AndroidManifest.xml:9:9-54
18        android:supportsRtl="true"
18-->src/main/AndroidManifest.xml:10:9-35
19        android:testOnly="true"
20        android:theme="@style/Theme.MyPizzaApp" >
20-->src/main/AndroidManifest.xml:11:9-48
21        <activity
21-->src/main/AndroidManifest.xml:12:9-19:40
22            android:name="com.example.mypizzaapp.WelcomeActivity"
22-->src/main/AndroidManifest.xml:13:13-44
23            android:label="The Salad Bar" >
23-->src/main/AndroidManifest.xml:14:13-42
24            <intent-filter>
24-->src/main/AndroidManifest.xml:15:13-19:29
25                <action android:name="android.intent.action.MAIN" />
25-->src/main/AndroidManifest.xml:16:17-69
25-->src/main/AndroidManifest.xml:16:25-66
26
27                <category android:name="android.intent.category.LAUNCHER" />
27-->src/main/AndroidManifest.xml:18:17-77
27-->src/main/AndroidManifest.xml:18:27-74
28            </intent-filter>
29        </activity>
30        <activity
30-->src/main/AndroidManifest.xml:20:9-28:20
31            android:name="com.example.mypizzaapp.MenuActivity"
31-->src/main/AndroidManifest.xml:21:13-41
32            android:label="Menu"
32-->src/main/AndroidManifest.xml:22:13-33
33            android:parentActivityName="com.example.mypizzaapp.WelcomeActivity" >
33-->src/main/AndroidManifest.xml:23:13-58
34
35            <!-- Meta-data required if supporting API level 15 and lower -->
36            <meta-data
36-->src/main/AndroidManifest.xml:25:13-27:49
37                android:name="android.support.PARENT_ACTIVITY"
37-->src/main/AndroidManifest.xml:26:17-63
38                android:value=".MenuActivity" />
38-->src/main/AndroidManifest.xml:27:17-46
39        </activity>
40        <activity
40-->src/main/AndroidManifest.xml:29:9-32:20
41            android:name="com.example.mypizzaapp.CartActivity"
41-->src/main/AndroidManifest.xml:30:13-41
42            android:label="My Cart" >
42-->src/main/AndroidManifest.xml:31:13-36
43        </activity>
44        <activity
44-->src/main/AndroidManifest.xml:33:9-37:20
45            android:name="com.example.mypizzaapp.CustomerListActivity"
45-->src/main/AndroidManifest.xml:34:13-49
46            android:label="Recent Orders"
46-->src/main/AndroidManifest.xml:35:13-42
47            android:parentActivityName="com.example.mypizzaapp.WelcomeActivity" >
47-->src/main/AndroidManifest.xml:36:13-58
48        </activity>
49    </application>
50
51</manifest>